-3.19e+01
2.51e+02
1.17e+02
1.04e+02
-3.91e+01
7.95e+01
1.44e+02
3.33e+01
1.43e+02
1.23e+02
8.25e+01
-1.35e+02
8.43e+01
1.05e+02
2.14e+02
1.27e+02
5.69e+01
2.28e+02
1.46e+02
2.70e+02
1.90e+02
2.75e+02
2.79e+02
2.69e+02
2.91e+02
2.71e+02
2.87e+02
2.55e+02
1.87e+02
1.52e+02
-3.61e+02
-1.37e+02
-1.51e+02
-1.29e+02
-1.26e+02
-1.36e+02
-1.49e+02
-1.14e+02
-8.38e+01
-1.57e+02
-1.12e+02
-1.00e+02
-9.32e+01
-1.04e+02
-1.14e+02
-1.22e+02
-1.41e+02
-1.43e+02
-1.46e+02
-7.35e+01
-1.48e+02
-1.62e+02
-1.89e+02
-1.39e+02
-1.37e+02
-1.53e+02
-1.68e+02
-1.41e+02
-1.07e+02
-1.18e+02
