-1.00e+01
-9.66e+00
-9.32e+00
-8.98e+00
-8.64e+00
-8.31e+00
-7.97e+00
-7.63e+00
-7.29e+00
-6.95e+00
-6.61e+00
-6.27e+00
-5.93e+00
-5.59e+00
-5.25e+00
-4.92e+00
-4.58e+00
-4.24e+00
-3.90e+00
-3.56e+00
-3.22e+00
-2.88e+00
-2.54e+00
-2.20e+00
-1.86e+00
-1.53e+00
-1.19e+00
-8.47e-01
-5.08e-01
-1.69e-01
1.69e-01
5.08e-01
8.47e-01
1.19e+00
1.53e+00
1.86e+00
2.20e+00
2.54e+00
2.88e+00
3.22e+00
3.56e+00
3.90e+00
4.24e+00
4.58e+00
4.92e+00
5.25e+00
5.59e+00
5.93e+00
6.27e+00
6.61e+00
6.95e+00
7.29e+00
7.63e+00
7.97e+00
8.31e+00
8.64e+00
8.98e+00
9.32e+00
9.66e+00
1.00e+01
